<?xml version="1.0" encoding="UTF-8"?>
<!-- Generated by org.testng.reporters.JUnitReportReporter -->
<testsuite hostname="TAPAN-PC" failures="0" tests="4" name="tests.LoginTest" time="35.010" errors="0" timestamp="14 Oct. 2021 00:35:38 GMT" skipped="0">
  <testcase classname="tests.LoginTest" name="loginWithWrongEmailPasswordTest" time="9.413"/>
  <testcase classname="tests.LoginTest" name="loginWithEmptyEmailTest" time="8.071"/>
  <testcase classname="tests.LoginTest" name="loginWithEmptyPasswordTest" time="8.951"/>
  <testcase classname="tests.LoginTest" name="loginWithInvalidEmailTest" time="8.575"/>
</testsuite> <!-- tests.LoginTest -->
